<?xml version="1.0" encoding="UTF-8"?>
<testng-results ignored="0" total="1" passed="1" failed="0" skipped="0">
  <reporter-output>
  </reporter-output>
  <suite started-at="2022-02-22T21:07:21 EET" name="Default suite" finished-at="2022-02-22T21:07:27 EET" duration-ms="6196">
    <groups>
    </groups>
    <test started-at="2022-02-22T21:07:21 EET" name="Default test" finished-at="2022-02-22T21:07:27 EET" duration-ms="6196">
      <class name="API_Test">
        <test-method signature="method()[pri:0, instance:API_Test@54e1c68b]" started-at="2022-02-22T21:07:21 EET" name="method" finished-at="2022-02-22T21:07:27 EET" duration-ms="5897" status="PASS">
          <reporter-output>
          </reporter-output>
        </test-method> <!-- method -->
      </class> <!-- API_Test -->
    </test> <!-- Default test -->
  </suite> <!-- Default suite -->
</testng-results>
